cl : command line warning D9025: overriding '/MTd' with '/MDd'
  ImGuiLayer.cpp
D:\Physics Projects\QuarkEngine\Quark\src\Quark\Layer.h(22,15): warning C4251: 'Quark::Layer::m_DebugName': class 'std::basic_string<char,std::char_traits<char>,std::allocator<char>>' needs to have dll-interface to be used by clients of class 'Quark::Layer'
C:\Program Files (x86)\Microsoft Visual Studio\2019\Community\VC\Tools\MSVC\14.29.30133\include\xstring(4905): message : see declaration of 'std::basic_string<char,std::char_traits<char>,std::allocator<char>>'
D:\Physics Projects\QuarkEngine\Quark\src\Quark\LayerStack.h(25,23): warning C4251: 'Quark::LayerStack::m_Layers': class 'std::vector<Quark::Layer *,std::allocator<Quark::Layer *>>' needs to have dll-interface to be used by clients of class 'Quark::LayerStack'
D:\Physics Projects\QuarkEngine\Quark\src\Quark\LayerStack.h(22): message : see declaration of 'std::vector<Quark::Layer *,std::allocator<Quark::Layer *>>'
D:\Physics Projects\QuarkEngine\Quark\src\Quark\LayerStack.h(26,33): warning C4251: 'Quark::LayerStack::m_LayerInsert': class 'std::_Vector_iterator<std::_Vector_val<std::_Simple_types<_Ty>>>' needs to have dll-interface to be used by clients of class 'Quark::LayerStack'
          with
          [
              _Ty=Quark::Layer *
          ]
C:\Program Files (x86)\Microsoft Visual Studio\2019\Community\VC\Tools\MSVC\14.29.30133\include\vector(470): message : see declaration of 'std::_Vector_iterator<std::_Vector_val<std::_Simple_types<_Ty>>>'
          with
          [
              _Ty=Quark::Layer *
          ]
D:\Physics Projects\QuarkEngine\Quark\src\Quark\Application.h(31,27): warning C4251: 'Quark::Application::m_Window': class 'std::unique_ptr<Quark::Window,std::default_delete<Quark::Window>>' needs to have dll-interface to be used by clients of class 'Quark::Application'
D:\Physics Projects\QuarkEngine\Quark\src\Quark\Application.h(31): message : see declaration of 'std::unique_ptr<Quark::Window,std::default_delete<Quark::Window>>'
D:\Physics Projects\QuarkEngine\Quark\src\Quark\ImGui\ImGuiLayer.cpp(69,80): warning C4244: 'argument': conversion from 'unsigned int' to 'float', possible loss of data
D:\Physics Projects\QuarkEngine\Quark\src\Quark\ImGui\ImGuiLayer.cpp(69,51): warning C4244: 'argument': conversion from 'unsigned int' to 'float', possible loss of data
D:\Physics Projects\QuarkEngine\Quark\src\Quark\ImGui\ImGuiLayer.cpp(164,52): warning C4244: 'argument': conversion from 'unsigned int' to 'float', possible loss of data
D:\Physics Projects\QuarkEngine\Quark\src\Quark\ImGui\ImGuiLayer.cpp(164,37): warning C4244: 'argument': conversion from 'unsigned int' to 'float', possible loss of data
  Quark.vcxproj -> D:\Physics Projects\QuarkEngine\bin\Debug-windows-x86_64\Quark\Quark.dll
