d:\physics projects\quarkengine\bin-int\debug-windows-x86_64\quark\quark.pch
d:\physics projects\quarkengine\bin-int\debug-windows-x86_64\quark\vc142.pdb
d:\physics projects\quarkengine\bin-int\debug-windows-x86_64\quark\vc142.idb
d:\physics projects\quarkengine\bin-int\debug-windows-x86_64\quark\qrkpch.obj
d:\physics projects\quarkengine\bin-int\debug-windows-x86_64\quark\log.obj
d:\physics projects\quarkengine\bin-int\debug-windows-x86_64\quark\application.obj
d:\physics projects\quarkengine\bin\debug-windows-x86_64\quark\quark.dll
d:\physics projects\quarkengine\bin-int\debug-windows-x86_64\quark\quark.ilk
d:\physics projects\quarkengine\bin\debug-windows-x86_64\quark\quark.pdb
d:\physics projects\engine\bin\debug-windows-x86_64\quark\quark.lib
d:\physics projects\engine\bin\debug-windows-x86_64\quark\quark.exp
d:\physics projects\quarkengine\bin\debug-windows-x86_64\quark\quark.lib
d:\physics projects\quarkengine\bin\debug-windows-x86_64\quark\quark.exp
d:\physics projects\quarkengine\bin-int\debug-windows-x86_64\quark\quark.tlog\cl.command.1.tlog
d:\physics projects\quarkengine\bin-int\debug-windows-x86_64\quark\quark.tlog\cl.read.1.tlog
d:\physics projects\quarkengine\bin-int\debug-windows-x86_64\quark\quark.tlog\cl.write.1.tlog
d:\physics projects\quarkengine\bin-int\debug-windows-x86_64\quark\quark.tlog\link.command.1.tlog
d:\physics projects\quarkengine\bin-int\debug-windows-x86_64\quark\quark.tlog\link.delete.1.tlog
d:\physics projects\quarkengine\bin-int\debug-windows-x86_64\quark\quark.tlog\link.read.1.tlog
d:\physics projects\quarkengine\bin-int\debug-windows-x86_64\quark\quark.tlog\link.write.1.tlog
d:\physics projects\quarkengine\bin-int\debug-windows-x86_64\quark\quark.tlog\quark.write.1u.tlog
